getUserRoleFromRequest: Token found: eyJhbGciOiJIUzI...
getUserRoleFromRequest: Token found: eyJhbGciOiJIUzI...
getUserRoleFromRequest: Decoded: {"userId":"38a0b4ea-632c-48ea-9de4-14394fccdc71","role":"student","iat":1782034431,"exp":1782639231}
getUserRoleFromRequest: Decoded: {"userId":"38a0b4ea-632c-48ea-9de4-14394fccdc71","role":"student","iat":1782034431,"exp":1782639231}
getUserRoleFromRequest: User in DB: {"role":"student"}
getUserRoleFromRequest: User in DB: {"role":"student"}
getUserRoleFromRequest: Token found: eyJhbGciOiJIUzI...
getUserRoleFromRequest: Decoded: {"userId":"38a0b4ea-632c-48ea-9de4-14394fccdc71","role":"student","iat":1782034431,"exp":1782639231}
getUserRoleFromRequest: User in DB: {"role":"student"}
getUserRoleFromRequest: Token found: eyJhbGciOiJIUzI...
getUserRoleFromRequest: Decoded: {"userId":"38a0b4ea-632c-48ea-9de4-14394fccdc71","role":"student","iat":1782034431,"exp":1782639231}
getUserRoleFromRequest: User in DB: {"role":"student"}
getUserRoleFromRequest: Token found: eyJhbGciOiJIUzI...
getUserRoleFromRequest: Decoded: {"userId":"38a0b4ea-632c-48ea-9de4-14394fccdc71","role":"student","iat":1782034431,"exp":1782639231}
getUserRoleFromRequest: User in DB: {"role":"student"}
getUserRoleFromRequest: Token found: eyJhbGciOiJIUzI...
getUserRoleFromRequest: Decoded: {"userId":"38a0b4ea-632c-48ea-9de4-14394fccdc71","role":"student","iat":1782034431,"exp":1782639231}
getUserRoleFromRequest: User in DB: {"role":"student"}
getUserRoleFromRequest: Token found: eyJhbGciOiJIUzI...
getUserRoleFromRequest: Decoded: {"userId":"38a0b4ea-632c-48ea-9de4-14394fccdc71","role":"student","iat":1782034431,"exp":1782639231}
getUserRoleFromRequest: User in DB: {"role":"student"}
getUserRoleFromRequest: Token found: eyJhbGciOiJIUzI...
getUserRoleFromRequest: Decoded: {"userId":"38a0b4ea-632c-48ea-9de4-14394fccdc71","role":"student","iat":1782034431,"exp":1782639231}
getUserRoleFromRequest: User in DB: {"role":"student"}
getUserRoleFromRequest: Token found: eyJhbGciOiJIUzI...
getUserRoleFromRequest: Decoded: {"userId":"38a0b4ea-632c-48ea-9de4-14394fccdc71","role":"student","iat":1782034431,"exp":1782639231}
getUserRoleFromRequest: User in DB: {"role":"student"}
getUserRoleFromRequest: Token found: eyJhbGciOiJIUzI...
getUserRoleFromRequest: Token found: eyJhbGciOiJIUzI...
getUserRoleFromRequest: Decoded: {"userId":"d28b1058-1e75-49e1-862e-34f2907129e2","role":"teacher","iat":1782034474,"exp":1782639274}
getUserRoleFromRequest: Decoded: {"userId":"d28b1058-1e75-49e1-862e-34f2907129e2","role":"teacher","iat":1782034474,"exp":1782639274}
getUserRoleFromRequest: User in DB: {"role":"teacher"}
getUserRoleFromRequest: User in DB: {"role":"teacher"}
getUserRoleFromRequest: Token found: eyJhbGciOiJIUzI...
getUserRoleFromRequest: Decoded: {"userId":"d28b1058-1e75-49e1-862e-34f2907129e2","role":"teacher","iat":1782034474,"exp":1782639274}
getUserRoleFromRequest: User in DB: {"role":"teacher"}
getUserRoleFromRequest: Token found: eyJhbGciOiJIUzI...
getUserRoleFromRequest: Decoded: {"userId":"d28b1058-1e75-49e1-862e-34f2907129e2","role":"teacher","iat":1782034474,"exp":1782639274}
getUserRoleFromRequest: User in DB: {"role":"teacher"}
getUserRoleFromRequest: Token found: eyJhbGciOiJIUzI...
getUserRoleFromRequest: Decoded: {"userId":"d28b1058-1e75-49e1-862e-34f2907129e2","role":"teacher","iat":1782034474,"exp":1782639274}
getUserRoleFromRequest: User in DB: {"role":"teacher"}
getUserRoleFromRequest: Token found: eyJhbGciOiJIUzI...
getUserRoleFromRequest: Decoded: {"userId":"d28b1058-1e75-49e1-862e-34f2907129e2","role":"teacher","iat":1782034474,"exp":1782639274}
getUserRoleFromRequest: User in DB: {"role":"teacher"}
getUserRoleFromRequest: Token found: eyJhbGciOiJIUzI...
getUserRoleFromRequest: Decoded: {"userId":"d28b1058-1e75-49e1-862e-34f2907129e2","role":"teacher","iat":1782034474,"exp":1782639274}
getUserRoleFromRequest: User in DB: {"role":"teacher"}
getUserRoleFromRequest: Token found: eyJhbGciOiJIUzI...
getUserRoleFromRequest: Decoded: {"userId":"d28b1058-1e75-49e1-862e-34f2907129e2","role":"teacher","iat":1782034474,"exp":1782639274}
getUserRoleFromRequest: User in DB: {"role":"teacher"}
getUserRoleFromRequest: Token found: eyJhbGciOiJIUzI...
getUserRoleFromRequest: Decoded: {"userId":"d28b1058-1e75-49e1-862e-34f2907129e2","role":"teacher","iat":1782034474,"exp":1782639274}
getUserRoleFromRequest: User in DB: {"role":"teacher"}
getUserRoleFromRequest: Token found: eyJhbGciOiJIUzI...
getUserRoleFromRequest: Decoded: {"userId":"d28b1058-1e75-49e1-862e-34f2907129e2","role":"teacher","iat":1782034474,"exp":1782639274}
getUserRoleFromRequest: User in DB: {"role":"teacher"}
getUserRoleFromRequest: Token found: eyJhbGciOiJIUzI...
getUserRoleFromRequest: Decoded: {"userId":"d28b1058-1e75-49e1-862e-34f2907129e2","role":"teacher","iat":1782034474,"exp":1782639274}
getUserRoleFromRequest: User in DB: {"role":"teacher"}
getUserRoleFromRequest: Token found: eyJhbGciOiJIUzI...
getUserRoleFromRequest: Decoded: {"userId":"d28b1058-1e75-49e1-862e-34f2907129e2","role":"teacher","iat":1782034474,"exp":1782639274}
getUserRoleFromRequest: User in DB: {"role":"teacher"}
getUserRoleFromRequest: Token found: eyJhbGciOiJIUzI...
getUserRoleFromRequest: Decoded: {"userId":"d28b1058-1e75-49e1-862e-34f2907129e2","role":"teacher","iat":1782034474,"exp":1782639274}
getUserRoleFromRequest: User in DB: {"role":"teacher"}
getUserRoleFromRequest: Token found: eyJhbGciOiJIUzI...
getUserRoleFromRequest: Decoded: {"userId":"d28b1058-1e75-49e1-862e-34f2907129e2","role":"teacher","iat":1782034474,"exp":1782639274}
getUserRoleFromRequest: User in DB: {"role":"teacher"}
getUserRoleFromRequest: Token found: eyJhbGciOiJIUzI...
getUserRoleFromRequest: Decoded: {"userId":"d28b1058-1e75-49e1-862e-34f2907129e2","role":"teacher","iat":1782034474,"exp":1782639274}
getUserRoleFromRequest: User in DB: {"role":"teacher"}
getUserRoleFromRequest: Token found: eyJhbGciOiJIUzI...
getUserRoleFromRequest: Decoded: {"userId":"d28b1058-1e75-49e1-862e-34f2907129e2","role":"teacher","iat":1782034474,"exp":1782639274}
getUserRoleFromRequest: User in DB: {"role":"teacher"}
getUserRoleFromRequest: Token found: eyJhbGciOiJIUzI...
getUserRoleFromRequest: Decoded: {"userId":"d28b1058-1e75-49e1-862e-34f2907129e2","role":"teacher","iat":1782034474,"exp":1782639274}
getUserRoleFromRequest: User in DB: {"role":"teacher"}
